<?xml version="1.0" encoding="UTF-8"?>
<!-- Generated by org.testng.reporters.JUnitReportReporter -->
<testsuite hostname="DESKTOP-EI1JAB2" failures="0" tests="1" name="rahulshettyacademy.ExtentReports.ExtentReportDemo" time="9.463" errors="0" timestamp="2022-10-24T20:26:03 EET" skipped="0">
  <testcase classname="rahulshettyacademy.ExtentReports.ExtentReportDemo" name="initialDemo" time="9.463"/>
  <system-out/>
</testsuite> <!-- rahulshettyacademy.ExtentReports.ExtentReportDemo -->
