<?xml version="1.0" encoding="UTF-8"?>
<!-- Generated by org.testng.reporters.JUnitReportReporter -->
<testsuite hostname="DESKTOP-EI1JAB2" failures="0" tests="1" name="day2" time="0.007" errors="0" timestamp="2022-10-18T09:15:49 EET" skipped="0">
  <testcase classname="day2" name="ploan" time="0.007"/>
  <system-out/>
</testsuite> <!-- day2 -->
