<?xml version="1.0" encoding="UTF-8"?>
<!-- Generated by org.testng.reporters.JUnitReportReporter -->
<testsuite hostname="DESKTOP-EI1JAB2" failures="0" tests="6" name="Test.day3" time="0.015" errors="0" timestamp="2022-10-18T17:17:29 EET" skipped="1">
  <testcase classname="Test.day3" name="loginAPICarLoan" time="0.008"/>
  <system-out/>
  <testcase classname="Test.day3" name="printDataProvided" time="0.002"/>
  <system-out/>
  <testcase classname="Test.day3" name="printDataProvided" time="0.002"/>
  <system-out/>
  <testcase classname="Test.day3" name="paramsTest" time="0.002"/>
  <system-out/>
  <testcase classname="Test.day3" name="printDataProvided" time="0.001"/>
  <system-out/>
  <testcase classname="Test.day3" name="webLoginCarLoan">
    <skipped/>
  </testcase> <!-- webLoginCarLoan -->
  <system-out/>
</testsuite> <!-- Test.day3 -->
