<?xml version="1.0" encoding="UTF-8"?>
<!-- Generated by org.testng.reporters.JUnitReportReporter -->
<testsuite hostname="DESKTOP-EI1JAB2" failures="0" tests="2" name="day1" time="0.009" errors="0" timestamp="2022-10-18T09:16:22 EET" skipped="0">
  <testcase classname="day1" name="SecondTest" time="0.008"/>
  <system-out/>
  <testcase classname="day1" name="demo" time="0.001"/>
  <system-out/>
</testsuite> <!-- day1 -->
