<?xml version="1.0" encoding="UTF-8"?>
<!-- Generated by org.testng.reporters.JUnitReportReporter -->
<testsuite hostname="DESKTOP-EI1JAB2" failures="0" tests="3" name="Test.day4" time="0.003" errors="0" timestamp="2022-10-18T17:17:29 EET" skipped="0">
  <testcase classname="Test.day4" name="loginAPIHomeLoan" time="0.001"/>
  <system-out/>
  <testcase classname="Test.day4" name="webLoginHomeLoan" time="0.000"/>
  <system-out/>
  <testcase classname="Test.day4" name="MobileLoginHomeLoan" time="0.002"/>
  <system-out/>
</testsuite> <!-- Test.day4 -->
