<?xml version="1.0" encoding="UTF-8"?>
<!-- Generated by org.testng.reporters.JUnitReportReporter -->
<testsuite hostname="DESKTOP-EI1JAB2" failures="0" tests="1" name="rahulshettyacademy.tests.ErrorValidations" time="6.409" errors="0" timestamp="2022-10-24T07:00:10 EET" skipped="0">
  <testcase classname="rahulshettyacademy.tests.ErrorValidations" name="loginErrorValidation" time="6.409"/>
  <system-out/>
</testsuite> <!-- rahulshettyacademy.tests.ErrorValidations -->
