<?xml version="1.0" encoding="UTF-8"?>
<!-- Generated by org.testng.reporters.JUnitReportReporter -->
<testsuite hostname="DESKTOP-EI1JAB2" failures="0" tests="1" name="cucumber.TestNGTestRunner" time="8.164" errors="0" timestamp="2022-10-25T18:14:19 EET" skipped="0">
  <testcase classname="cucumber.TestNGTestRunner" name="runScenario" time="8.164"/>
  <system-out/>
</testsuite> <!-- cucumber.TestNGTestRunner -->
